Flow report for ECE352_Base
Thu Sep 22 00:22:17 2016
Quartus Prime Version 16.0.0 Build 211 04/27/2016 SJ Lite Edition


---------------------
; Table of Contents ;
---------------------
  1. Legal Notice
  2. Flow Summary
  3. Flow Settings
  4. Flow Non-Default Global Settings
  5. Flow Elapsed Time
  6. Flow OS Summary
  7. Flow Log
  8. Flow Messages
  9. Flow Suppressed Messages



----------------
; Legal Notice ;
----------------
Copyright (C) 1991-2016 Altera Corporation. All rights reserved.
Your use of Altera Corporation's design tools, logic functions 
and other software and tools, and its AMPP partner logic 
functions, and any output files from any of the foregoing 
(including device programming or simulation files), and any 
associated documentation or information are expressly subject 
to the terms and conditions of the Altera Program License 
Subscription Agreement, the Altera Quartus Prime License Agreement,
the Altera MegaCore Function License Agreement, or other 
applicable license agreement, including, without limitation, 
that your use is for the sole purpose of programming logic 
devices manufactured by Altera and sold by Altera or its 
authorized distributors.  Please refer to the applicable 
agreement for further details.



+----------------------------------------------------------------------------------+
; Flow Summary                                                                     ;
+------------------------------------+---------------------------------------------+
; Flow Status                        ; Successful - Thu Sep 22 00:22:17 2016       ;
; Quartus Prime Version              ; 16.0.0 Build 211 04/27/2016 SJ Lite Edition ;
; Revision Name                      ; ECE352_Base                                 ;
; Top-level Entity Name              ; fa4                                         ;
; Family                             ; Cyclone IV E                                ;
; Device                             ; EP4CE115F29C7                               ;
; Timing Models                      ; Final                                       ;
; Total logic elements               ; 10 / 114,480 ( < 1 % )                      ;
;     Total combinational functions  ; 10 / 114,480 ( < 1 % )                      ;
;     Dedicated logic registers      ; 0 / 114,480 ( 0 % )                         ;
; Total registers                    ; 0                                           ;
; Total pins                         ; 14 / 529 ( 3 % )                            ;
; Total virtual pins                 ; 0                                           ;
; Total memory bits                  ; 0 / 3,981,312 ( 0 % )                       ;
; Embedded Multiplier 9-bit elements ; 0 / 532 ( 0 % )                             ;
; Total PLLs                         ; 0 / 4 ( 0 % )                               ;
+------------------------------------+---------------------------------------------+


+-----------------------------------------+
; Flow Settings                           ;
+-------------------+---------------------+
; Option            ; Setting             ;
+-------------------+---------------------+
; Start date & time ; 09/22/2016 00:16:17 ;
; Main task         ; Compilation         ;
; Revision Name     ; ECE352_Base         ;
+-------------------+---------------------+


+----------------------------------------------------------------------------------------------------------------------------+
; Flow Non-Default Global Settings                                                                                           ;
+-------------------------------------+---------------------------------------+---------------+-------------+----------------+
; Assignment Name                     ; Value                                 ; Default Value ; Entity Name ; Section Id     ;
+-------------------------------------+---------------------------------------+---------------+-------------+----------------+
; COMPILER_SIGNATURE_ID               ; 207120316912066.147452137702248       ; --            ; --          ; --             ;
; MAX_CORE_JUNCTION_TEMP              ; 85                                    ; --            ; --          ; --             ;
; MIN_CORE_JUNCTION_TEMP              ; 0                                     ; --            ; --          ; --             ;
; MISC_FILE                           ; ECE353_Base.dpf                       ; --            ; --          ; --             ;
; NUM_PARALLEL_PROCESSORS             ; All                                   ; --            ; --          ; --             ;
; PARTITION_COLOR                     ; 16764057                              ; --            ; fa4         ; Top            ;
; PARTITION_FITTER_PRESERVATION_LEVEL ; PLACEMENT_AND_ROUTING                 ; --            ; fa4         ; Top            ;
; PARTITION_NETLIST_TYPE              ; SOURCE                                ; --            ; fa4         ; Top            ;
; POWER_BOARD_THERMAL_MODEL           ; None (CONSERVATIVE)                   ; --            ; --          ; --             ;
; POWER_PRESET_COOLING_SOLUTION       ; 23 MM HEAT SINK WITH 200 LFPM AIRFLOW ; --            ; --          ; --             ;
; SMART_RECOMPILE                     ; On                                    ; Off           ; --          ; --             ;
; TOP_LEVEL_ENTITY                    ; fa4                                   ; ECE352_Base   ; --          ; --             ;
; USE_GENERATED_PHYSICAL_CONSTRAINTS  ; Off                                   ; --            ; --          ; eda_blast_fpga ;
+-------------------------------------+---------------------------------------+---------------+-------------+----------------+


+-------------------------------------------------------------------------------------------------------------------------------+
; Flow Elapsed Time                                                                                                             ;
+---------------------------+--------------+-------------------------+---------------------+------------------------------------+
; Module Name               ; Elapsed Time ; Average Processors Used ; Peak Virtual Memory ; Total CPU Time (on all processors) ;
+---------------------------+--------------+-------------------------+---------------------+------------------------------------+
; Analysis & Synthesis      ; 00:00:10     ; 1.0                     ; 826 MB              ; 00:00:21                           ;
; Fitter                    ; 00:00:10     ; 1.0                     ; 1374 MB             ; 00:00:11                           ;
; Assembler                 ; 00:00:04     ; 1.0                     ; 775 MB              ; 00:00:04                           ;
; TimeQuest Timing Analyzer ; 00:00:01     ; 1.0                     ; 911 MB              ; 00:00:02                           ;
; EDA Netlist Writer        ; 00:00:01     ; 1.0                     ; 728 MB              ; 00:00:00                           ;
; EDA Netlist Writer        ; 00:00:00     ; 1.0                     ; 741 MB              ; 00:00:01                           ;
; EDA Netlist Writer        ; 00:00:01     ; 1.0                     ; 728 MB              ; 00:00:00                           ;
; EDA Netlist Writer        ; 00:00:00     ; 1.0                     ; 745 MB              ; 00:00:01                           ;
; Total                     ; 00:00:27     ; --                      ; --                  ; 00:00:40                           ;
+---------------------------+--------------+-------------------------+---------------------+------------------------------------+


+----------------------------------------------------------------------------------------+
; Flow OS Summary                                                                        ;
+---------------------------+------------------+-----------+------------+----------------+
; Module Name               ; Machine Hostname ; OS Name   ; OS Version ; Processor type ;
+---------------------------+------------------+-----------+------------+----------------+
; Analysis & Synthesis      ; DESKTOP-C0AQM1B  ; Windows 8 ; 6.2        ; x86_64         ;
; Fitter                    ; DESKTOP-C0AQM1B  ; Windows 8 ; 6.2        ; x86_64         ;
; Assembler                 ; DESKTOP-C0AQM1B  ; Windows 8 ; 6.2        ; x86_64         ;
; TimeQuest Timing Analyzer ; DESKTOP-C0AQM1B  ; Windows 8 ; 6.2        ; x86_64         ;
; EDA Netlist Writer        ; DESKTOP-C0AQM1B  ; Windows 8 ; 6.2        ; x86_64         ;
; EDA Netlist Writer        ; DESKTOP-C0AQM1B  ; Windows 8 ; 6.2        ; x86_64         ;
; EDA Netlist Writer        ; DESKTOP-C0AQM1B  ; Windows 8 ; 6.2        ; x86_64         ;
; EDA Netlist Writer        ; DESKTOP-C0AQM1B  ; Windows 8 ; 6.2        ; x86_64         ;
+---------------------------+------------------+-----------+------------+----------------+


------------
; Flow Log ;
------------
quartus_map --read_settings_files=on --write_settings_files=off ECE352_Base -c ECE352_Base
quartus_fit --read_settings_files=off --write_settings_files=off ECE352_Base -c ECE352_Base
quartus_asm --read_settings_files=off --write_settings_files=off ECE352_Base -c ECE352_Base
quartus_sta ECE352_Base -c ECE352_Base
quartus_eda --gen_testbench --tool=modelsim_oem --format=verilog --write_settings_files=off ECE352_Base -c ECE352_Base --vector_source="C:/Users/Littl/OneDrive/OneDrive Document/ECE352/AHW/AHW1/fa4_timing_sim.vwf" --testbench_file="C:/Users/Littl/OneDrive/OneDrive Document/ECE352/AHW/AHW1/simulation/qsim/fa4_timing_sim.vwf.vt"
quartus_eda --write_settings_files=off --functional=off --flatten_buses=off --timescale=1ps --simulation=on --tool=modelsim_oem --format=verilog --output_directory="C:/Users/Littl/OneDrive/OneDrive Document/ECE352/AHW/AHW1/simulation/qsim/" ECE352_Base -c ECE352_Base
quartus_eda --gen_testbench --tool=modelsim_oem --format=verilog --write_settings_files=off ECE352_Base -c ECE352_Base --vector_source="C:/Users/Littl/OneDrive/OneDrive Document/ECE352/AHW/AHW1/fa4_timing_sim.vwf" --testbench_file="C:/Users/Littl/OneDrive/OneDrive Document/ECE352/AHW/AHW1/simulation/qsim/fa4_timing_sim.vwf.vt"
quartus_eda --write_settings_files=off --functional=off --flatten_buses=off --timescale=1ps --simulation=on --tool=modelsim_oem --format=verilog --output_directory="C:/Users/Littl/OneDrive/OneDrive Document/ECE352/AHW/AHW1/simulation/qsim/" ECE352_Base -c ECE352_Base



